2024-03-30 18:50:40,733 [Worker-7: Loading available Gradle versions] INFO  o.e.b.c.i.u.g.PublishedGradleVersions - Gradle version information cache is up-to-date. Trying to read.
2024-04-05 20:44:35,523 [Worker-4: Loading available Gradle versions] INFO  o.e.b.c.i.u.g.PublishedGradleVersions - Gradle version information cache is out-of-date. Trying to update.
2024-04-15 16:25:54,055 [Worker-2: Loading available Gradle versions] INFO  o.e.b.c.i.u.g.PublishedGradleVersions - Gradle version information cache is out-of-date. Trying to update.
2024-04-18 15:27:31,425 [Worker-77: Importing Maven projects] INFO  o.e.m.c.i.l.LifecycleMappingFactory - Using org.eclipse.m2e.jdt.JarLifecycleMapping lifecycle mapping for MavenProject: com.farmfresh:Spring_Boot_FarmFresh:0.0.1 @ C:\Users\PRATIK\OneDrive\Desktop\Sunbeam CDAC\FarmFresh_Project\FarmFresh-Project\BackEnd-FarmFresh\FarmFresh\pom.xml.
2024-04-18 15:27:39,641 [Worker-77: Importing Maven projects] INFO  o.e.m.j.i.AbstractJavaProjectConfigurator - Adding source folder /Spring_Boot_FarmFresh/src/main/java
2024-04-18 15:27:39,644 [Worker-77: Importing Maven projects] INFO  o.e.m.j.i.AbstractJavaProjectConfigurator - Adding resource folder /Spring_Boot_FarmFresh/src/main/resources
2024-04-18 15:27:39,645 [Worker-77: Importing Maven projects] INFO  o.e.m.j.i.AbstractJavaProjectConfigurator - Adding resource folder /Spring_Boot_FarmFresh/src/main/resources
2024-04-18 15:27:39,646 [Worker-77: Importing Maven projects] INFO  o.e.m.j.i.AbstractJavaProjectConfigurator - Adding source folder /Spring_Boot_FarmFresh/src/test/java
2024-04-18 15:27:39,648 [Worker-77: Importing Maven projects] INFO  o.e.m.j.i.AbstractJavaProjectConfigurator - Adding resource folder /Spring_Boot_FarmFresh/src/test/resources
2024-04-18 15:27:39,901 [Worker-77: Importing Maven projects] INFO  o.e.m.c.i.p.ProjectConfigurationManager - Imported and configured 1 project(s) in 13 sec
2024-04-18 15:27:40,092 [Worker-85: Updating Maven Project] INFO  o.e.m.c.i.p.ProjectConfigurationManager - Update started
2024-04-18 15:27:40,497 [Worker-85: Updating Maven Project] INFO  o.e.m.c.i.l.LifecycleMappingFactory - Using org.eclipse.m2e.jdt.JarLifecycleMapping lifecycle mapping for MavenProject: com.farmfresh:Spring_Boot_FarmFresh:0.0.1 @ C:\Users\PRATIK\OneDrive\Desktop\Sunbeam CDAC\FarmFresh_Project\FarmFresh-Project\BackEnd-FarmFresh\FarmFresh\pom.xml.
2024-04-18 15:27:41,273 [Worker-85: Updating Maven Project] INFO  o.e.m.j.i.AbstractJavaProjectConfigurator - Adding source folder /Spring_Boot_FarmFresh/src/main/java
2024-04-18 15:27:41,274 [Worker-85: Updating Maven Project] INFO  o.e.m.j.i.AbstractJavaProjectConfigurator - Adding resource folder /Spring_Boot_FarmFresh/src/main/resources
2024-04-18 15:27:41,275 [Worker-85: Updating Maven Project] INFO  o.e.m.j.i.AbstractJavaProjectConfigurator - Adding resource folder /Spring_Boot_FarmFresh/src/main/resources
2024-04-18 15:27:41,275 [Worker-85: Updating Maven Project] INFO  o.e.m.j.i.AbstractJavaProjectConfigurator - Adding source folder /Spring_Boot_FarmFresh/src/test/java
2024-04-18 15:27:41,276 [Worker-85: Updating Maven Project] INFO  o.e.m.j.i.AbstractJavaProjectConfigurator - Adding resource folder /Spring_Boot_FarmFresh/src/test/resources
2024-04-18 15:27:41,606 [Worker-85: Updating Maven Project] INFO  o.e.m.c.i.p.ProjectConfigurationManager - Update completed for 1 poms: local refresh takes 0.00 sec, refresh facades takes 0.00 sec, update config takes 0.00 sec 
2024-04-18 15:27:42,678 [Worker-81: Building] INFO  o.e.m.c.i.embedder.EclipseLogger - Using 'UTF-8' encoding to copy filtered resources.
2024-04-18 15:27:42,678 [Worker-81: Building] INFO  o.e.m.c.i.embedder.EclipseLogger - Using 'UTF-8' encoding to copy filtered properties files.
2024-04-18 15:27:42,687 [Worker-81: Building] INFO  o.e.m.c.i.embedder.EclipseLogger - Copying 1 resource
2024-04-18 15:27:42,713 [Worker-81: Building] INFO  o.e.m.c.i.embedder.EclipseLogger - Copying 0 resource
2024-04-18 15:27:42,716 [Worker-81: Building] INFO  o.e.m.c.i.embedder.EclipseLogger - Using 'UTF-8' encoding to copy filtered resources.
2024-04-18 15:27:42,716 [Worker-81: Building] INFO  o.e.m.c.i.embedder.EclipseLogger - Using 'UTF-8' encoding to copy filtered properties files.
2024-04-18 15:27:42,716 [Worker-81: Building] INFO  o.e.m.c.i.embedder.EclipseLogger - skip non existing resourceDirectory C:\Users\PRATIK\OneDrive\Desktop\Sunbeam CDAC\FarmFresh_Project\FarmFresh-Project\BackEnd-FarmFresh\FarmFresh\src\test\resources
2024-04-18 15:28:51,690 [Worker-80: Building] INFO  o.e.m.c.i.embedder.EclipseLogger - Using 'UTF-8' encoding to copy filtered resources.
2024-04-18 15:28:51,690 [Worker-80: Building] INFO  o.e.m.c.i.embedder.EclipseLogger - Using 'UTF-8' encoding to copy filtered properties files.
2024-04-18 15:28:51,691 [Worker-80: Building] INFO  o.e.m.c.i.embedder.EclipseLogger - Copying 1 resource
2024-04-18 15:28:51,723 [Worker-80: Building] INFO  o.e.m.c.i.embedder.EclipseLogger - Copying 0 resource
2024-04-18 15:28:51,725 [Worker-80: Building] INFO  o.e.m.c.i.embedder.EclipseLogger - Using 'UTF-8' encoding to copy filtered resources.
2024-04-18 15:28:51,726 [Worker-80: Building] INFO  o.e.m.c.i.embedder.EclipseLogger - Using 'UTF-8' encoding to copy filtered properties files.
2024-04-18 15:28:51,726 [Worker-80: Building] INFO  o.e.m.c.i.embedder.EclipseLogger - skip non existing resourceDirectory C:\Users\PRATIK\OneDrive\Desktop\Sunbeam CDAC\FarmFresh_Project\FarmFresh-Project\BackEnd-FarmFresh\FarmFresh\src\test\resources
2024-04-18 15:29:09,246 [Worker-83: Building] INFO  o.e.m.c.i.embedder.EclipseLogger - Using 'UTF-8' encoding to copy filtered resources.
2024-04-18 15:29:09,247 [Worker-83: Building] INFO  o.e.m.c.i.embedder.EclipseLogger - Using 'UTF-8' encoding to copy filtered properties files.
2024-04-18 15:29:09,247 [Worker-83: Building] INFO  o.e.m.c.i.embedder.EclipseLogger - Copying 1 resource
2024-04-18 15:29:09,274 [Worker-83: Building] INFO  o.e.m.c.i.embedder.EclipseLogger - Copying 0 resource
2024-04-18 15:29:09,276 [Worker-83: Building] INFO  o.e.m.c.i.embedder.EclipseLogger - Using 'UTF-8' encoding to copy filtered resources.
2024-04-18 15:29:09,276 [Worker-83: Building] INFO  o.e.m.c.i.embedder.EclipseLogger - Using 'UTF-8' encoding to copy filtered properties files.
2024-04-18 15:29:09,276 [Worker-83: Building] INFO  o.e.m.c.i.embedder.EclipseLogger - skip non existing resourceDirectory C:\Users\PRATIK\OneDrive\Desktop\Sunbeam CDAC\FarmFresh_Project\FarmFresh-Project\BackEnd-FarmFresh\FarmFresh\src\test\resources
